<?xml version="1.0" encoding="UTF-8"?>
<!-- Generated by org.testng.reporters.JUnitXMLReporter -->
<testsuite ignored="0" hostname="DESKTOP-MJ4G90G" failures="0" tests="6" name="Default test" time="0.027" errors="0" timestamp="2020-06-09T12:01:25 EDT">
  <testcase classname="BroooklynCollege.Mavenjava.RestAPITest" name="NativePostirra" time="0.004"/>
  <testcase classname="BroooklynCollege.Mavenjava.RestAPITest" name="deleteTwitter" time="0.0"/>
  <testcase classname="BroooklynCollege.Mavenjava.SeleniumTest" name="BrowserAutomation1" time="0.001"/>
  <testcase classname="BroooklynCollege.Mavenjava.SeleniumTest" name="elementsUI" time="0.001"/>
  <testcase classname="BroooklynCollege.Mavenjava.AppiumTest" name="IOSApp" time="0.001"/>
  <testcase classname="BroooklynCollege.Mavenjava.AppiumTest" name="NativeAppAndroid" time="0.001"/>
</testsuite> <!-- Default test -->
