<?xml version="1.0" encoding="UTF-8"?>
<!-- Generated by org.testng.reporters.JUnitXMLReporter -->
<testsuite ignored="0" hostname="DESKTOP-MJ4G90G" failures="0" tests="4" name="Test" time="0.028" errors="0" timestamp="2020-06-09T17:34:49 EDT">
  <testcase classname="BroooklynCollege.Mavenjava.RestAPITest" name="NativePostirra" time="0.004"/>
  <testcase classname="BroooklynCollege.Mavenjava.RestAPITest" name="deleteTwitter" time="0.001"/>
  <testcase classname="BroooklynCollege.Mavenjava.SeleniumTest" name="BrowserAutomation1" time="0.001"/>
  <testcase classname="BroooklynCollege.Mavenjava.SeleniumTest" name="elementsUI" time="0.0"/>
</testsuite> <!-- Test -->
