<?xml version="1.0" encoding="UTF-8"?>
<testng-results ignored="0" total="6" passed="6" failed="0" skipped="0">
  <reporter-output>
  </reporter-output>
  <suite started-at="2020-06-10T19:58:03Z" name="Command line suite" finished-at="2020-06-10T19:58:03Z" duration-ms="17">
    <groups>
      <group name="Smoke">
        <method signature="AppiumTest.IOSApp()[pri:0, instance:BroooklynCollege.Mavenjava.AppiumTest@4b553d26]" name="IOSApp" class="BroooklynCollege.Mavenjava.AppiumTest"/>
        <method signature="AppiumTest.NativeAppAndroid()[pri:0, instance:BroooklynCollege.Mavenjava.AppiumTest@4b553d26]" name="NativeAppAndroid" class="BroooklynCollege.Mavenjava.AppiumTest"/>
      </group> <!-- Smoke -->
    </groups>
    <test started-at="2020-06-10T19:58:03Z" name="Command line test" finished-at="2020-06-10T19:58:03Z" duration-ms="17">
      <class name="BroooklynCollege.Mavenjava.RestAPITest">
        <test-method signature="NativePostirra()[pri:0, instance:BroooklynCollege.Mavenjava.RestAPITest@2a556333]" started-at="2020-06-10T15:58:03Z" name="NativePostirra" finished-at="2020-06-10T15:58:03Z" duration-ms="1" status="PASS">
          <reporter-output>
          </reporter-output>
        </test-method> <!-- NativePostirra -->
        <test-method signature="deleteTwitter()[pri:0, instance:BroooklynCollege.Mavenjava.RestAPITest@2a556333]" started-at="2020-06-10T15:58:03Z" name="deleteTwitter" finished-at="2020-06-10T15:58:03Z" duration-ms="0" status="PASS">
          <reporter-output>
          </reporter-output>
        </test-method> <!-- deleteTwitter -->
      </class> <!-- BroooklynCollege.Mavenjava.RestAPITest -->
      <class name="BroooklynCollege.Mavenjava.SeleniumTest">
        <test-method signature="elementsUI()[pri:0, instance:BroooklynCollege.Mavenjava.SeleniumTest@7d70d1b1]" started-at="2020-06-10T15:58:03Z" name="elementsUI" finished-at="2020-06-10T15:58:03Z" duration-ms="0" status="PASS">
          <reporter-output>
          </reporter-output>
        </test-method> <!-- elementsUI -->
        <test-method signature="BrowserAutomation1()[pri:0, instance:BroooklynCollege.Mavenjava.SeleniumTest@7d70d1b1]" started-at="2020-06-10T15:58:03Z" name="BrowserAutomation1" finished-at="2020-06-10T15:58:03Z" duration-ms="0" status="PASS">
          <reporter-output>
          </reporter-output>
        </test-method> <!-- BrowserAutomation1 -->
      </class> <!-- BroooklynCollege.Mavenjava.SeleniumTest -->
      <class name="BroooklynCollege.Mavenjava.AppiumTest">
        <test-method signature="IOSApp()[pri:0, instance:BroooklynCollege.Mavenjava.AppiumTest@4b553d26]" started-at="2020-06-10T15:58:03Z" name="IOSApp" finished-at="2020-06-10T15:58:03Z" duration-ms="3" status="PASS">
          <reporter-output>
          </reporter-output>
        </test-method> <!-- IOSApp -->
        <test-method signature="NativeAppAndroid()[pri:0, instance:BroooklynCollege.Mavenjava.AppiumTest@4b553d26]" started-at="2020-06-10T15:58:03Z" name="NativeAppAndroid" finished-at="2020-06-10T15:58:03Z" duration-ms="0" status="PASS">
          <reporter-output>
          </reporter-output>
        </test-method> <!-- NativeAppAndroid -->
      </class> <!-- BroooklynCollege.Mavenjava.AppiumTest -->
    </test> <!-- Command line test -->
  </suite> <!-- Command line suite -->
</testng-results>
